
> vite_react_shadcn_ts@0.0.0 dev
> vite

Port 8080 is in use, trying another one...

  [32m[1mVITE[22m v5.4.19[39m  [2mready in [0m[1m704[22m[2m[0m ms[22m

  [32m➜[39m  [1mLocal[22m:   [36mhttp://localhost:[1m8081[22m/[39m
  [32m➜[39m  [1mNetwork[22m: [36mhttp://172.31.16.1:[1m8081[22m/[39m
  [32m➜[39m  [1mNetwork[22m: [36mhttp://192.168.1.43:[1m8081[22m/[39m

> vite_react_shadcn_ts@0.0.0 dev
> vite

Port 8080 is in use, trying another one...

  [32m[1mVITE[22m v5.4.19[39m  [2mready in [0m[1m337[22m[2m[0m ms[22m

  [32m➜[39m  [1mLocal[22m:   [36mhttp://localhost:[1m8081[22m/[39m
  [32m➜[39m  [1mNetwork[22m: [36mhttp://172.31.16.1:[1m8081[22m/[39m
  [32m➜[39m  [1mNetwork[22m: [36mhttp://192.168.1.43:[1m8081[22m/[39m

> vite_react_shadcn_ts@0.0.0 dev
> vite

Port 8080 is in use, trying another one...

  [32m[1mVITE[22m v5.4.19[39m  [2mready in [0m[1m2090[22m[2m[0m ms[22m

  [32m➜[39m  [1mLocal[22m:   [36mhttp://localhost:[1m8081[22m/[39m
  [32m➜[39m  [1mNetwork[22m: [36mhttp://172.31.16.1:[1m8081[22m/[39m
  [32m➜[39m  [1mNetwork[22m: [36mhttp://192.168.1.43:[1m8081[22m/[39m

> vite_react_shadcn_ts@0.0.0 dev
> vite

Port 8080 is in use, trying another one...

  [32m[1mVITE[22m v5.4.19[39m  [2mready in [0m[1m360[22m[2m[0m ms[22m

  [32m➜[39m  [1mLocal[22m:   [36mhttp://localhost:[1m8081[22m/[39m
  [32m➜[39m  [1mNetwork[22m: [36mhttp://172.31.16.1:[1m8081[22m/[39m
  [32m➜[39m  [1mNetwork[22m: [36mhttp://192.168.1.43:[1m8081[22m/[39m

> vite_react_shadcn_ts@0.0.0 dev
> vite

Port 8080 is in use, trying another one...

  [32m[1mVITE[22m v5.4.19[39m  [2mready in [0m[1m380[22m[2m[0m ms[22m

  [32m➜[39m  [1mLocal[22m:   [36mhttp://localhost:[1m8081[22m/[39m
  [32m➜[39m  [1mNetwork[22m: [36mhttp://172.31.16.1:[1m8081[22m/[39m
  [32m➜[39m  [1mNetwork[22m: [36mhttp://192.168.1.43:[1m8081[22m/[39m

> vite_react_shadcn_ts@0.0.0 dev
> vite

Port 8080 is in use, trying another one...

  [32m[1mVITE[22m v5.4.19[39m  [2mready in [0m[1m402[22m[2m[0m ms[22m

  [32m➜[39m  [1mLocal[22m:   [36mhttp://localhost:[1m8081[22m/[39m
  [32m➜[39m  [1mNetwork[22m: [36mhttp://172.31.16.1:[1m8081[22m/[39m
  [32m➜[39m  [1mNetwork[22m: [36mhttp://192.168.1.43:[1m8081[22m/[39m
[2m8:19:44 PM[22m [36m[1m[vite][22m[39m [32m.env changed, restarting server...[39m
[2m8:19:44 PM[22m [36m[1m[vite][22m[39m server restarted.
[2m8:27:21 PM[22m [36m[1m[vite][22m[39m [32m.env changed, restarting server...[39m
[2m8:27:21 PM[22m [36m[1m[vite][22m[39m server restarted.

> vite_react_shadcn_ts@0.0.0 dev
> vite

Port 8080 is in use, trying another one...

  [32m[1mVITE[22m v5.4.19[39m  [2mready in [0m[1m315[22m[2m[0m ms[22m

  [32m➜[39m  [1mLocal[22m:   [36mhttp://localhost:[1m8081[22m/[39m
  [32m➜[39m  [1mNetwork[22m: [36mhttp://172.31.16.1:[1m8081[22m/[39m
  [32m➜[39m  [1mNetwork[22m: [36mhttp://192.168.1.43:[1m8081[22m/[39m

> vite_react_shadcn_ts@0.0.0 dev
> vite

Port 8080 is in use, trying another one...

  [32m[1mVITE[22m v5.4.19[39m  [2mready in [0m[1m480[22m[2m[0m ms[22m

  [32m➜[39m  [1mLocal[22m:   [36mhttp://localhost:[1m8081[22m/[39m
  [32m➜[39m  [1mNetwork[22m: [36mhttp://172.31.16.1:[1m8081[22m/[39m
  [32m➜[39m  [1mNetwork[22m: [36mhttp://192.168.1.43:[1m8081[22m/[39m

> vite_react_shadcn_ts@0.0.0 dev
> vite

Port 8080 is in use, trying another one...

  [32m[1mVITE[22m v5.4.19[39m  [2mready in [0m[1m323[22m[2m[0m ms[22m

  [32m➜[39m  [1mLocal[22m:   [36mhttp://localhost:[1m8081[22m/[39m
  [32m➜[39m  [1mNetwork[22m: [36mhttp://172.31.16.1:[1m8081[22m/[39m
  [32m➜[39m  [1mNetwork[22m: [36mhttp://192.168.1.43:[1m8081[22m/[39m
